<?xml version="1.0" encoding="UTF-8" ?>
<testsuite tests="5" failures="1" name="tests.TestRunner" time="11.598" errors="0" skipped="0">
  <properties>
    <property name="idea.version" value="2022.3.1"/>
    <property name="java.runtime.name" value="OpenJDK Runtime Environment"/>
    <property name="sun.boot.library.path" value="/home/vend/.jdks/liberica-1.8.0_345/jre/lib/amd64"/>
    <property name="java.vm.version" value="25.345-b01"/>
    <property name="java.vm.vendor" value="BellSoft"/>
    <property name="maven.multiModuleProjectDirectory" value="/home/vend/Documents/coinmarket"/>
    <property name="java.vendor.url" value="https://bell-sw.com/"/>
    <property name="path.separator" value=":"/>
    <property name="guice.disable.misplaced.annotation.check" value="true"/>
    <property name="java.vm.name" value="OpenJDK 64-Bit Server VM"/>
    <property name="file.encoding.pkg" value="sun.io"/>
    <property name="user.country" value="US"/>
    <property name="sun.java.launcher" value="SUN_STANDARD"/>
    <property name="sun.os.patch.level" value="unknown"/>
    <property name="java.vm.specification.name" value="Java Virtual Machine Specification"/>
    <property name="user.dir" value="/home/vend/Documents/coinmarket"/>
    <property name="java.runtime.version" value="1.8.0_345-b01"/>
    <property name="java.awt.graphicsenv" value="sun.awt.X11GraphicsEnvironment"/>
    <property name="java.endorsed.dirs" value="/home/vend/.jdks/liberica-1.8.0_345/jre/lib/endorsed"/>
    <property name="os.arch" value="amd64"/>
    <property name="java.io.tmpdir" value="/tmp"/>
    <property name="line.separator" value="
"/>
    <property name="java.vm.specification.vendor" value="Oracle Corporation"/>
    <property name="os.name" value="Linux"/>
    <property name="maven.ext.class.path" value="/snap/intellij-idea-community/405/plugins/maven/lib/maven-event-listener.jar"/>
    <property name="classworlds.conf" value="/snap/intellij-idea-community/405/plugins/maven/lib/maven3/bin/m2.conf"/>
    <property name="sun.jnu.encoding" value="UTF-8"/>
    <property name="java.library.path" value="/usr/java/packages/lib/amd64:/usr/lib64:/lib64:/lib:/usr/lib"/>
    <property name="jansi.passthrough" value="true"/>
    <property name="maven.conf" value="/snap/intellij-idea-community/405/plugins/maven/lib/maven3/conf"/>
    <property name="java.specification.name" value="Java Platform API Specification"/>
    <property name="java.class.version" value="52.0"/>
    <property name="sun.management.compiler" value="HotSpot 64-Bit Tiered Compilers"/>
    <property name="os.version" value="5.15.0-56-generic"/>
    <property name="user.home" value="/home/vend"/>
    <property name="user.timezone" value="Asia/Karachi"/>
    <property name="java.awt.printerjob" value="sun.print.PSPrinterJob"/>
    <property name="java.specification.version" value="1.8"/>
    <property name="file.encoding" value="UTF-8"/>
    <property name="user.name" value="vend"/>
    <property name="java.class.path" value="/snap/intellij-idea-community/405/plugins/maven/lib/maven3/boot/plexus-classworlds-2.6.0.jar:/snap/intellij-idea-community/405/plugins/maven/lib/maven3/boot/plexus-classworlds.license:/snap/intellij-idea-community/405/lib/idea_rt.jar"/>
    <property name="java.vm.specification.version" value="1.8"/>
    <property name="sun.arch.data.model" value="64"/>
    <property name="java.home" value="/home/vend/.jdks/liberica-1.8.0_345/jre"/>
    <property name="sun.java.command" value="org.codehaus.classworlds.Launcher -Didea.version=2022.3.1 clean install"/>
    <property name="java.specification.vendor" value="Oracle Corporation"/>
    <property name="user.language" value="en"/>
    <property name="awt.toolkit" value="sun.awt.X11.XToolkit"/>
    <property name="java.vm.info" value="mixed mode"/>
    <property name="java.version" value="1.8.0_345"/>
    <property name="java.ext.dirs" value="/home/vend/.jdks/liberica-1.8.0_345/jre/lib/ext:/usr/java/packages/lib/ext"/>
    <property name="securerandom.source" value="file:/dev/./urandom"/>
    <property name="sun.boot.class.path" value="/home/vend/.jdks/liberica-1.8.0_345/jre/lib/resources.jar:/home/vend/.jdks/liberica-1.8.0_345/jre/lib/rt.jar:/home/vend/.jdks/liberica-1.8.0_345/jre/lib/sunrsasign.jar:/home/vend/.jdks/liberica-1.8.0_345/jre/lib/jsse.jar:/home/vend/.jdks/liberica-1.8.0_345/jre/lib/jce.jar:/home/vend/.jdks/liberica-1.8.0_345/jre/lib/charsets.jar:/home/vend/.jdks/liberica-1.8.0_345/jre/lib/jfr.jar:/home/vend/.jdks/liberica-1.8.0_345/jre/classes"/>
    <property name="java.vendor" value="BellSoft"/>
    <property name="maven.home" value="/snap/intellij-idea-community/405/plugins/maven/lib/maven3"/>
    <property name="file.separator" value="/"/>
    <property name="java.vendor.url.bug" value="https://bell-sw.com/support"/>
    <property name="sun.cpu.endian" value="little"/>
    <property name="sun.io.unicode.encoding" value="UnicodeLittle"/>
    <property name="sun.desktop" value="gnome"/>
    <property name="sun.cpu.isalist" value=""/>
  </properties>
  <testcase classname="tests.TestRunner" name="runScenario" time="4.447"/>
  <testcase classname="tests.TestRunner" name="runScenario" time="1.256"/>
  <testcase classname="tests.TestRunner" name="runScenario" time="2.516"/>
  <testcase classname="tests.TestRunner" name="runScenario" time="1.36">
    <failure message="Validation Failed. Couldn&apos;t find Mineable tag" type="java.lang.AssertionError">java.lang.AssertionError: Validation Failed. Couldn&apos;t find Mineable tag
	at org.testng.Assert.fail(Assert.java:94)
	at Validations.BackendValidations.validateCryptoInfo(BackendValidations.java:24)
	at stepdefs.BEstepdefs.user_validates_the_response(BEstepdefs.java:54)
	at ✽.user validates the API response(file:///home/vend/Documents/coinmarket/src/test/resources/features/Backend.feature:24)
</failure>
    <system-out>
@All @backend @backend
Scenario: user wants to execute cryptocurrency info call &amp;#27;[90m# src/test/resources/features/Backend.feature:21&amp;#27;[0m
  &amp;#27;[32mGiven &amp;#27;[0m&amp;#27;[32muser enters API key&amp;#27;[0m                              &amp;#27;[90m# stepdefs.BEstepdefs.user_enters_api_key()&amp;#27;[0m
Request method:	GET
Request URI:	https://pro-api.coinmarketcap.com/v2/cryptocurrency/info?id=1027
Proxy:			&lt;none&gt;
Request params:	&lt;none&gt;
Query params:	id=1027
Form params:	&lt;none&gt;
Path params:	&lt;none&gt;
Multiparts:		&lt;none&gt;
Headers:		X-CMC_PRO_API_KEY=ee87f50a-c553-4d40-8652-b8ae0937e5c9
				Accept=*/*
				Content-Type=application/json; charset=UTF-8
Cookies:		&lt;none&gt;
Body:			&lt;none&gt;
  &amp;#27;[32mAnd &amp;#27;[0m&amp;#27;[32muser hits currency info API&amp;#27;[0m                        &amp;#27;[90m# stepdefs.BEstepdefs.user_hits_currency_info_API()&amp;#27;[0m
  &amp;#27;[31mAnd &amp;#27;[0m&amp;#27;[31muser validates the API response&amp;#27;[0m                    &amp;#27;[90m# stepdefs.BEstepdefs.user_validates_the_response()&amp;#27;[0m
      &amp;#27;[31mjava.lang.AssertionError: Validation Failed. Couldn&apos;t find Mineable tag
	at org.testng.Assert.fail(Assert.java:94)
	at Validations.BackendValidations.validateCryptoInfo(BackendValidations.java:24)
	at stepdefs.BEstepdefs.user_validates_the_response(BEstepdefs.java:54)
	at ✽.user validates the API response(file:///home/vend/Documents/coinmarket/src/test/resources/features/Backend.feature:24)
&amp;#27;[0m
  &amp;#27;[36mAnd &amp;#27;[0m&amp;#27;[36muser validates status code is &amp;#27;[0m&amp;#27;[36m&amp;#27;[1m200&amp;#27;[0m                  &amp;#27;[90m# stepdefs.BEstepdefs.user_validates_status_code(int)&amp;#27;[0m
</system-out>
  </testcase>
  <testcase classname="tests.TestRunner" name="runScenario" time="2.019"/>
</testsuite>